[debug] [2021-03-31T22:14:48.543Z] ----------------------------------------------------------------------
[debug] [2021-03-31T22:14:48.546Z] Command:       /usr/bin/node /usr/local/bin/firebase init
[debug] [2021-03-31T22:14:48.547Z] CLI Version:   9.6.1
[debug] [2021-03-31T22:14:48.547Z] Platform:      linux
[debug] [2021-03-31T22:14:48.547Z] Node Version:  v12.21.0
[debug] [2021-03-31T22:14:48.563Z] Time:          Thu Apr 01 2021 04:14:48 GMT+0600 (Bangladesh Standard Time)
[debug] [2021-03-31T22:14:48.564Z] ----------------------------------------------------------------------
[debug] [2021-03-31T22:14:48.564Z] 
[debug] [2021-03-31T22:14:48.567Z] >>> [apiv2][query] GET https://firebase-public.firebaseio.com/cli.json [none]
[debug] [2021-03-31T22:14:48.602Z] > command requires scopes: ["email","openid","https://www.googleapis.com/auth/cloudplatformprojects.readonly","https://www.googleapis.com/auth/firebase","https://www.googleapis.com/auth/cloud-platform"]
[debug] [2021-03-31T22:14:48.602Z] > authorizing via signed-in user
[info] 
     ######## #### ########  ######## ########     ###     ######  ########
     ##        ##  ##     ## ##       ##     ##  ##   ##  ##       ##
     ######    ##  ########  ######   ########  #########  ######  ######
     ##        ##  ##    ##  ##       ##     ## ##     ##       ## ##
     ##       #### ##     ## ######## ########  ##     ##  ######  ########

You're about to initialize a Firebase project in this directory:

  /home/naim/Documents/www/ReactJS/play-mart/play-mart-client

[debug] [2021-03-31T22:14:49.610Z] <<< [apiv2][status] GET https://firebase-public.firebaseio.com/cli.json 200
[debug] [2021-03-31T22:14:49.610Z] <<< [apiv2][body] GET https://firebase-public.firebaseio.com/cli.json {"cloudBuildErrorAfter":1594252800000,"cloudBuildWarnAfter":1590019200000,"defaultNode10After":1594252800000,"minVersion":"3.0.5","node8DeploysDisabledAfter":1613390400000,"node8RuntimeDisabledAfter":1615809600000,"node8WarnAfter":1600128000000}
